<?xml version="1.0" encoding="UTF-8"?>
<!-- Generated by org.testng.reporters.JUnitReportReporter -->
<testsuite hostname="Anushas-MacBook-Pro.local" failures="0" tests="1" name="testrunner.TestRunner" time="34.909" errors="0" timestamp="2024-02-05T09:42:18 EST" skipped="0">
  <testcase classname="testrunner.TestRunner" name="runScenario" time="34.909"/>
  <system-out/>
</testsuite> <!-- testrunner.TestRunner -->
