<?xml version="1.0" encoding="UTF-8"?>
<!-- Generated by org.testng.reporters.JUnitReportReporter -->
<testsuite hostname="Anushas-MacBook-Pro.local" failures="0" tests="5" name="testrunner.TestRunner2" time="192.510" errors="0" timestamp="2024-02-03T12:43:43 EST" skipped="0">
  <testcase classname="testrunner.TestRunner2" name="runScenario" time="42.487"/>
  <system-out/>
  <testcase classname="testrunner.TestRunner2" name="runScenario" time="20.515"/>
  <system-out/>
  <testcase classname="testrunner.TestRunner2" name="runScenario" time="42.880"/>
  <system-out/>
  <testcase classname="testrunner.TestRunner2" name="runScenario" time="43.170"/>
  <system-out/>
  <testcase classname="testrunner.TestRunner2" name="runScenario" time="43.458"/>
  <system-out/>
</testsuite> <!-- testrunner.TestRunner2 -->
