<?xml version="1.0" encoding="UTF-8"?>
<!-- Generated by org.testng.reporters.JUnitReportReporter -->
<testsuite hostname="Anushas-MacBook-Pro.local" failures="0" tests="5" name="testrunner.TestRunner" time="174.518" errors="0" timestamp="2024-02-05T10:57:08 EST" skipped="0">
  <testcase classname="testrunner.TestRunner" name="runScenario" time="24.930"/>
  <system-out/>
  <testcase classname="testrunner.TestRunner" name="runScenario" time="25.632"/>
  <system-out/>
  <testcase classname="testrunner.TestRunner" name="runScenario" time="57.883"/>
  <system-out/>
  <testcase classname="testrunner.TestRunner" name="runScenario" time="39.836"/>
  <system-out/>
  <testcase classname="testrunner.TestRunner" name="runScenario" time="26.237"/>
  <system-out/>
</testsuite> <!-- testrunner.TestRunner -->
