<?xml version="1.0" encoding="UTF-8"?>
<!-- Generated by org.testng.reporters.JUnitReportReporter -->
<testsuite hostname="Anushas-MacBook-Pro.local" failures="0" tests="10" name="testrunner.TestRunner" time="528.508" errors="0" timestamp="2024-02-05T20:58:32 EST" skipped="0">
  <testcase classname="testrunner.TestRunner" name="runScenario" time="44.985"/>
  <system-out/>
  <testcase classname="testrunner.TestRunner" name="runScenario" time="55.644"/>
  <system-out/>
  <testcase classname="testrunner.TestRunner" name="runScenario" time="53.788"/>
  <system-out/>
  <testcase classname="testrunner.TestRunner" name="runScenario" time="53.675"/>
  <system-out/>
  <testcase classname="testrunner.TestRunner" name="runScenario" time="66.766"/>
  <system-out/>
  <testcase classname="testrunner.TestRunner" name="runScenario" time="45.354"/>
  <system-out/>
  <testcase classname="testrunner.TestRunner" name="runScenario" time="45.474"/>
  <system-out/>
  <testcase classname="testrunner.TestRunner" name="runScenario" time="57.532"/>
  <system-out/>
  <testcase classname="testrunner.TestRunner" name="runScenario" time="59.074"/>
  <system-out/>
  <testcase classname="testrunner.TestRunner" name="runScenario" time="46.216"/>
  <system-out/>
</testsuite> <!-- testrunner.TestRunner -->
