<?xml version="1.0" encoding="UTF-8"?>
<!-- Generated by org.testng.reporters.JUnitReportReporter -->
<testsuite hostname="Anushas-MacBook-Pro.local" failures="0" tests="5" name="testrunner.TestRunner" time="182.025" errors="0" timestamp="2024-02-03T20:56:47 EST" skipped="0">
  <testcase classname="testrunner.TestRunner" name="runScenario" time="40.231"/>
  <system-out/>
  <testcase classname="testrunner.TestRunner" name="runScenario" time="19.668"/>
  <system-out/>
  <testcase classname="testrunner.TestRunner" name="runScenario" time="40.546"/>
  <system-out/>
  <testcase classname="testrunner.TestRunner" name="runScenario" time="40.446"/>
  <system-out/>
  <testcase classname="testrunner.TestRunner" name="runScenario" time="41.134"/>
  <system-out/>
</testsuite> <!-- testrunner.TestRunner -->
