<?xml version="1.0" encoding="UTF-8"?>
<!-- Generated by org.testng.reporters.JUnitReportReporter -->
<testsuite hostname="Anushas-MacBook-Pro.local" failures="0" tests="3" name="Sampledsalgo" time="3.525" errors="0" timestamp="2024-01-20T20:57:52 EST" skipped="0">
  <testcase classname="Sampledsalgo" name="Registeration" time="2.522"/>
  <testcase classname="Sampledsalgo" name="signin" time="0.201"/>
  <testcase classname="Sampledsalgo" name="validLogin" time="0.802"/>
</testsuite> <!-- Sampledsalgo -->
