<?xml version="1.0" encoding="UTF-8"?>
<!-- Generated by org.testng.reporters.JUnitReportReporter -->
<testsuite hostname="Anushas-MacBook-Pro.local" failures="0" tests="10" name="testrunner.TestRunner" time="454.190" errors="0" timestamp="2024-02-03T14:20:46 EST" skipped="0">
  <testcase classname="testrunner.TestRunner" name="runScenario" time="32.765"/>
  <system-out/>
  <testcase classname="testrunner.TestRunner" name="runScenario" time="56.452"/>
  <system-out/>
  <testcase classname="testrunner.TestRunner" name="runScenario" time="32.924"/>
  <system-out/>
  <testcase classname="testrunner.TestRunner" name="runScenario" time="56.634"/>
  <system-out/>
  <testcase classname="testrunner.TestRunner" name="runScenario" time="56.753"/>
  <system-out/>
  <testcase classname="testrunner.TestRunner" name="runScenario" time="37.673"/>
  <system-out/>
  <testcase classname="testrunner.TestRunner" name="runScenario" time="34.051"/>
  <system-out/>
  <testcase classname="testrunner.TestRunner" name="runScenario" time="33.203"/>
  <system-out/>
  <testcase classname="testrunner.TestRunner" name="runScenario" time="56.312"/>
  <system-out/>
  <testcase classname="testrunner.TestRunner" name="runScenario" time="57.423"/>
  <system-out/>
</testsuite> <!-- testrunner.TestRunner -->
