<?xml version="1.0" encoding="UTF-8"?>
<!-- Generated by org.testng.reporters.JUnitReportReporter -->
<testsuite hostname="Anushas-MacBook-Pro.local" failures="0" tests="5" name="testrunner.TestRunner" time="232.283" errors="0" timestamp="2024-02-05T23:44:53 EST" skipped="0">
  <testcase classname="testrunner.TestRunner" name="runScenario" time="45.395"/>
  <system-out/>
  <testcase classname="testrunner.TestRunner" name="runScenario" time="44.721"/>
  <system-out/>
  <testcase classname="testrunner.TestRunner" name="runScenario" time="45.805"/>
  <system-out/>
  <testcase classname="testrunner.TestRunner" name="runScenario" time="52.919"/>
  <system-out/>
  <testcase classname="testrunner.TestRunner" name="runScenario" time="43.443"/>
  <system-out/>
</testsuite> <!-- testrunner.TestRunner -->
