<?xml version="1.0" encoding="UTF-8"?>
<!-- Generated by org.testng.reporters.JUnitReportReporter -->
<testsuite hostname="Anushas-MacBook-Pro.local" failures="0" tests="5" name="testrunner.TestRunner2" time="282.377" errors="0" timestamp="2024-02-05T23:44:53 EST" skipped="0">
  <testcase classname="testrunner.TestRunner2" name="runScenario" time="53.877"/>
  <system-out/>
  <testcase classname="testrunner.TestRunner2" name="runScenario" time="53.981"/>
  <system-out/>
  <testcase classname="testrunner.TestRunner2" name="runScenario" time="53.575"/>
  <system-out/>
  <testcase classname="testrunner.TestRunner2" name="runScenario" time="55.392"/>
  <system-out/>
  <testcase classname="testrunner.TestRunner2" name="runScenario" time="65.552"/>
  <system-out/>
</testsuite> <!-- testrunner.TestRunner2 -->
